<?xml version="1.0" encoding="UTF-8"?>
<testsuite xmlns:xsi="http://www.w3.org/2001/XMLSchema-instance" xsi:noNamespaceSchemaLocation="https://maven.apache.org/surefire/maven-surefire-plugin/xsd/surefire-test-report-3.0.xsd" version="3.0" name="ArccosConsoleInputTest" time="5.544" tests="3" errors="0" skipped="0" failures="0">
  <properties>
[...]
</properties>
  <testcase name="handleCalculate_withInvalidNumber_showsError" classname="ArccosConsoleInputTest" time="2.826"/>
  <testcase name="handleCalculate_withValidInput_appendsResult" classname="ArccosConsoleInputTest" time="0.026"/>
  <testcase name="handleCalculate_withOutOfRangeNumber_showsError" classname="ArccosConsoleInputTest" time="2.657"/>
</testsuite>